
> soj-frontend@0.0.1 build-storybook
> storybook build --output-dir=/var/folders/5y/ygxk5b257rvg4g8t_6y3f8j80000gn/T/chromatic--97414-EYJMF7o7udnu

[1m@storybook/core v8.5.3
[22m
info => Cleaning outputDir: [36m../../../var/folders/5y/ygxk5b257rvg4g8t_6y3f8j80000gn/T/chromatic--97414-EYJMF7o7udnu[39m
info => Loading presets
info => Building manager..
info => Manager built ([38;2;181;126;229m92 ms[39m)
info => Building preview..
[36mvite v6.1.0 [32mbuilding for production...[36m[39m
transforming...
[32m✓[39m 1394 modules transformed.
rendering chunks...
computing gzip size...
[2m../../../var/folders/5y/ygxk5b257rvg4g8t_6y3f8j80000gn/T/chromatic--97414-EYJMF7o7udnu/[22m[2massets/[22m[32mcontext-C0qIqeS4.png                [39m[1m[2m    6.12 kB[22m[1m[22m
[2m../../../var/folders/5y/ygxk5b257rvg4g8t_6y3f8j80000gn/T/chromatic--97414-EYJMF7o7udnu/[22m[2massets/[22m[32mstyling-Bk6zjRzU.png                [39m[1m[2m    7.24 kB[22m[1m[22m
[2m../../../var/folders/5y/ygxk5b257rvg4g8t_6y3f8j80000gn/T/chromatic--97414-EYJMF7o7udnu/[22m[2massets/[22m[32msoj_wasm_bg.wasm                    [39m[1m[2m   14.28 kB[22m[1m[22m[2m │ gzip:   6.52 kB[22m
[2m../../../var/folders/5y/ygxk5b257rvg4g8t_6y3f8j80000gn/T/chromatic--97414-EYJMF7o7udnu/[22m[32miframe.html                                [39m[1m[2m   16.31 kB[22m[1m[22m[2m │ gzip:   4.44 kB[22m
[2m../../../var/folders/5y/ygxk5b257rvg4g8t_6y3f8j80000gn/T/chromatic--97414-EYJMF7o7udnu/[22m[2massets/[22m[32mdocs---vsFbMi.png                   [39m[1m[2m   27.88 kB[22m[1m[22m
[2m../../../var/folders/5y/ygxk5b257rvg4g8t_6y3f8j80000gn/T/chromatic--97414-EYJMF7o7udnu/[22m[2massets/[22m[32mshare-DGA-UcQf.png                  [39m[1m[2m   40.77 kB[22m[1m[22m
[2m../../../var/folders/5y/ygxk5b257rvg4g8t_6y3f8j80000gn/T/chromatic--97414-EYJMF7o7udnu/[22m[2massets/[22m[32maccessibility-W_h2acOZ.png          [39m[1m[2m   42.34 kB[22m[1m[22m
[2m../../../var/folders/5y/ygxk5b257rvg4g8t_6y3f8j80000gn/T/chromatic--97414-EYJMF7o7udnu/[22m[2massets/[22m[32mfigma-plugin-CH2hELiO.png           [39m[1m[2m   44.25 kB[22m[1m[22m
[2m../../../var/folders/5y/ygxk5b257rvg4g8t_6y3f8j80000gn/T/chromatic--97414-EYJMF7o7udnu/[22m[2massets/[22m[32mtheming-D6WJLNoW.png                [39m[1m[2m   44.37 kB[22m[1m[22m
[2m../../../var/folders/5y/ygxk5b257rvg4g8t_6y3f8j80000gn/T/chromatic--97414-EYJMF7o7udnu/[22m[2massets/[22m[32mtesting-cbzR9l9r.png                [39m[1m[2m   49.31 kB[22m[1m[22m
[2m../../../var/folders/5y/ygxk5b257rvg4g8t_6y3f8j80000gn/T/chromatic--97414-EYJMF7o7udnu/[22m[2massets/[22m[32maddon-library-BWUCAmyN.png          [39m[1m[2m  467.37 kB[22m[1m[22m
[2m../../../var/folders/5y/ygxk5b257rvg4g8t_6y3f8j80000gn/T/chromatic--97414-EYJMF7o7udnu/[22m[2massets/[22m[35mHeader-Ck-SSN7O.css                 [39m[1m[2m    0.51 kB[22m[1m[22m[2m │ gzip:   0.30 kB[22m
[2m../../../var/folders/5y/ygxk5b257rvg4g8t_6y3f8j80000gn/T/chromatic--97414-EYJMF7o7udnu/[22m[2massets/[22m[35mButton-B2efaGtC.css                 [39m[1m[2m    0.52 kB[22m[1m[22m[2m │ gzip:   0.29 kB[22m
[2m../../../var/folders/5y/ygxk5b257rvg4g8t_6y3f8j80000gn/T/chromatic--97414-EYJMF7o7udnu/[22m[2massets/[22m[35mPage-CeeQJVdd.css                   [39m[1m[2m    0.91 kB[22m[1m[22m[2m │ gzip:   0.39 kB[22m
[2m../../../var/folders/5y/ygxk5b257rvg4g8t_6y3f8j80000gn/T/chromatic--97414-EYJMF7o7udnu/[22m[2massets/[22m[36mpreview-CIRcjyVj.js                 [39m[1m[2m    0.11 kB[22m[1m[22m[2m │ gzip:   0.11 kB[22m
[2m../../../var/folders/5y/ygxk5b257rvg4g8t_6y3f8j80000gn/T/chromatic--97414-EYJMF7o7udnu/[22m[2massets/[22m[36mpreview-B5q5fANe.js                 [39m[1m[2m    0.16 kB[22m[1m[22m[2m │ gzip:   0.16 kB[22m
[2m../../../var/folders/5y/ygxk5b257rvg4g8t_6y3f8j80000gn/T/chromatic--97414-EYJMF7o7udnu/[22m[2massets/[22m[36mpreview-Br-h4d84.js                 [39m[1m[2m    0.17 kB[22m[1m[22m[2m │ gzip:   0.15 kB[22m
[2m../../../var/folders/5y/ygxk5b257rvg4g8t_6y3f8j80000gn/T/chromatic--97414-EYJMF7o7udnu/[22m[2massets/[22m[36mindex-client-KHOb5IYD.js            [39m[1m[2m    0.26 kB[22m[1m[22m[2m │ gzip:   0.20 kB[22m
[2m../../../var/folders/5y/ygxk5b257rvg4g8t_6y3f8j80000gn/T/chromatic--97414-EYJMF7o7udnu/[22m[2massets/[22m[36mindex-DzTl8aW7.js                   [39m[1m[2m    0.51 kB[22m[1m[22m[2m │ gzip:   0.32 kB[22m
[2m../../../var/folders/5y/ygxk5b257rvg4g8t_6y3f8j80000gn/T/chromatic--97414-EYJMF7o7udnu/[22m[2massets/[22m[36mpreview-BTahiq3j.js                 [39m[1m[2m    0.68 kB[22m[1m[22m[2m │ gzip:   0.44 kB[22m
[2m../../../var/folders/5y/ygxk5b257rvg4g8t_6y3f8j80000gn/T/chromatic--97414-EYJMF7o7udnu/[22m[2massets/[22m[36mpreview-DGUiP6tS.js                 [39m[1m[2m    0.71 kB[22m[1m[22m[2m │ gzip:   0.49 kB[22m
[2m../../../var/folders/5y/ygxk5b257rvg4g8t_6y3f8j80000gn/T/chromatic--97414-EYJMF7o7udnu/[22m[2massets/[22m[36mNavbar.stories-BmzIYPB_.js          [39m[1m[2m    0.75 kB[22m[1m[22m[2m │ gzip:   0.41 kB[22m
[2m../../../var/folders/5y/ygxk5b257rvg4g8t_6y3f8j80000gn/T/chromatic--97414-EYJMF7o7udnu/[22m[2massets/[22m[36mindex-DrFu-skq.js                   [39m[1m[2m    0.77 kB[22m[1m[22m[2m │ gzip:   0.47 kB[22m
[2m../../../var/folders/5y/ygxk5b257rvg4g8t_6y3f8j80000gn/T/chromatic--97414-EYJMF7o7udnu/[22m[2massets/[22m[36mv4-CtRu48qb.js                      [39m[1m[2m    0.81 kB[22m[1m[22m[2m │ gzip:   0.43 kB[22m
[2m../../../var/folders/5y/ygxk5b257rvg4g8t_6y3f8j80000gn/T/chromatic--97414-EYJMF7o7udnu/[22m[2massets/[22m[36mHeader.stories-BpOBSSQR.js          [39m[1m[2m    1.09 kB[22m[1m[22m[2m │ gzip:   0.61 kB[22m
[2m../../../var/folders/5y/ygxk5b257rvg4g8t_6y3f8j80000gn/T/chromatic--97414-EYJMF7o7udnu/[22m[2massets/[22m[36mButton.stories-BOoBUFRM.js          [39m[1m[2m    1.57 kB[22m[1m[22m[2m │ gzip:   0.75 kB[22m
[2m../../../var/folders/5y/ygxk5b257rvg4g8t_6y3f8j80000gn/T/chromatic--97414-EYJMF7o7udnu/[22m[2massets/[22m[36mHeader-CFZgCmGc.js                  [39m[1m[2m    1.82 kB[22m[1m[22m[2m │ gzip:   0.89 kB[22m
[2m../../../var/folders/5y/ygxk5b257rvg4g8t_6y3f8j80000gn/T/chromatic--97414-EYJMF7o7udnu/[22m[2massets/[22m[36mDocsRenderer-CFRXHY34-7adWYrlX.js   [39m[1m[2m    1.98 kB[22m[1m[22m[2m │ gzip:   0.99 kB[22m
[2m../../../var/folders/5y/ygxk5b257rvg4g8t_6y3f8j80000gn/T/chromatic--97414-EYJMF7o7udnu/[22m[2massets/[22m[36mButton-B42VeltL.js                  [39m[1m[2m    2.62 kB[22m[1m[22m[2m │ gzip:   1.10 kB[22m
[2m../../../var/folders/5y/ygxk5b257rvg4g8t_6y3f8j80000gn/T/chromatic--97414-EYJMF7o7udnu/[22m[2massets/[22m[36mpreview-Bn9z_0yn.js                 [39m[1m[2m    2.75 kB[22m[1m[22m[2m │ gzip:   1.38 kB[22m
[2m../../../var/folders/5y/ygxk5b257rvg4g8t_6y3f8j80000gn/T/chromatic--97414-EYJMF7o7udnu/[22m[2massets/[22m[36mPage.stories-Ch9UiLOr.js            [39m[1m[2m    3.32 kB[22m[1m[22m[2m │ gzip:   1.64 kB[22m
[2m../../../var/folders/5y/ygxk5b257rvg4g8t_6y3f8j80000gn/T/chromatic--97414-EYJMF7o7udnu/[22m[2massets/[22m[36mentry-preview-docs-B6poQTjl.js      [39m[1m[2m    3.34 kB[22m[1m[22m[2m │ gzip:   1.58 kB[22m
[2m../../../var/folders/5y/ygxk5b257rvg4g8t_6y3f8j80000gn/T/chromatic--97414-EYJMF7o7udnu/[22m[2massets/[22m[36mpreview-DuQ9nNhZ.js                 [39m[1m[2m    3.43 kB[22m[1m[22m[2m │ gzip:   1.76 kB[22m
[2m../../../var/folders/5y/ygxk5b257rvg4g8t_6y3f8j80000gn/T/chromatic--97414-EYJMF7o7udnu/[22m[2massets/[22m[36mpreview-D77C14du.js                 [39m[1m[2m    5.03 kB[22m[1m[22m[2m │ gzip:   1.86 kB[22m
[2m../../../var/folders/5y/ygxk5b257rvg4g8t_6y3f8j80000gn/T/chromatic--97414-EYJMF7o7udnu/[22m[2massets/[22m[36mpreview-BWzBA1C2.js                 [39m[1m[2m    7.62 kB[22m[1m[22m[2m │ gzip:   1.57 kB[22m
[2m../../../var/folders/5y/ygxk5b257rvg4g8t_6y3f8j80000gn/T/chromatic--97414-EYJMF7o7udnu/[22m[2massets/[22m[36mprops-C20mwNH-.js                   [39m[1m[2m    8.05 kB[22m[1m[22m[2m │ gzip:   3.60 kB[22m
[2m../../../var/folders/5y/ygxk5b257rvg4g8t_6y3f8j80000gn/T/chromatic--97414-EYJMF7o7udnu/[22m[2massets/[22m[36mpreview-BBWR9nbA.js                 [39m[1m[2m    8.12 kB[22m[1m[22m[2m │ gzip:   3.08 kB[22m
[2m../../../var/folders/5y/ygxk5b257rvg4g8t_6y3f8j80000gn/T/chromatic--97414-EYJMF7o7udnu/[22m[2massets/[22m[36mcontext-A1ncRLRe.js                 [39m[1m[2m   11.70 kB[22m[1m[22m[2m │ gzip:   4.78 kB[22m
[2m../../../var/folders/5y/ygxk5b257rvg4g8t_6y3f8j80000gn/T/chromatic--97414-EYJMF7o7udnu/[22m[2massets/[22m[36mcreate-runtime-stories-CKWR02_J.js  [39m[1m[2m   13.69 kB[22m[1m[22m[2m │ gzip:   5.06 kB[22m
[2m../../../var/folders/5y/ygxk5b257rvg4g8t_6y3f8j80000gn/T/chromatic--97414-EYJMF7o7udnu/[22m[2massets/[22m[36mConfigure-Ds9rJto6.js               [39m[1m[2m   25.75 kB[22m[1m[22m[2m │ gzip:  10.89 kB[22m
[2m../../../var/folders/5y/ygxk5b257rvg4g8t_6y3f8j80000gn/T/chromatic--97414-EYJMF7o7udnu/[22m[2massets/[22m[36mColor-F6OSRLHC-DXSMyr5o.js          [39m[1m[2m   29.19 kB[22m[1m[22m[2m │ gzip:  10.85 kB[22m
[2m../../../var/folders/5y/ygxk5b257rvg4g8t_6y3f8j80000gn/T/chromatic--97414-EYJMF7o7udnu/[22m[2massets/[22m[36mindex-CfOrKyLd.js                   [39m[1m[2m   49.15 kB[22m[1m[22m[2m │ gzip:  14.19 kB[22m
[2m../../../var/folders/5y/ygxk5b257rvg4g8t_6y3f8j80000gn/T/chromatic--97414-EYJMF7o7udnu/[22m[2massets/[22m[36miframe-BjLpLQdp.js                  [39m[1m[2m  192.36 kB[22m[1m[22m[2m │ gzip:  66.20 kB[22m
[2m../../../var/folders/5y/ygxk5b257rvg4g8t_6y3f8j80000gn/T/chromatic--97414-EYJMF7o7udnu/[22m[2massets/[22m[36mentry-preview-Ckn2TrCl.js           [39m[1m[2m  439.87 kB[22m[1m[22m[2m │ gzip: 111.44 kB[22m
[2m../../../var/folders/5y/ygxk5b257rvg4g8t_6y3f8j80000gn/T/chromatic--97414-EYJMF7o7udnu/[22m[2massets/[22m[36mindex-BjLdMgd0.js                   [39m[1m[33m  658.92 kB[39m[22m[2m │ gzip: 155.49 kB[22m
[2m../../../var/folders/5y/ygxk5b257rvg4g8t_6y3f8j80000gn/T/chromatic--97414-EYJMF7o7udnu/[22m[2massets/[22m[36mindex-CsU1E4A2.js                   [39m[1m[33m1,017.74 kB[39m[22m[2m │ gzip: 318.58 kB[22m
[32m✓ built in 3.84s[39m
info => Preview built ([38;2;181;126;229m4.15 s[39m)
info => Output directory: /var/folders/5y/ygxk5b257rvg4g8t_6y3f8j80000gn/T/chromatic--97414-EYJMF7o7udnu
